<?xml version="1.0" encoding="UTF-8"?>
<beans xmlns="http://www.springframework.org/schema/beans"
       xmlns:xsi="http://www.w3.org/2001/XMLSchema-instance"
       xmlns:context="http://www.springframework.org/schema/context"
       xsi:schemaLocation="http://www.springframework.org/schema/beans 
                           http://www.springframework.org/schema/beans/spring-beans.xsd
                           http://www.springframework.org/schema/context
                           http://www.springframework.org/schema/context/spring-context.xsd">

  <import resource="classpath:test-properties-configuration.xml" />
  <import resource="classpath:datasource-configuration.xml" />

  <bean id="listing-dao" class="com.waleyko.services.listing.JDBCListingDAO">
    <constructor-arg ref="datasource-bean"/>
  </bean>

  <bean id="listing-service-component-bean" class="com.waleyko.services.listing.ListingServiceComponent">
    <constructor-arg ref="listing-dao"/>
  </bean>

  <bean id="listing-service-bean" class="com.waleyko.services.listing.ListingService">
    <constructor-arg ref="listing-service-component-bean"/>
  </bean>

</beans>